22:42:30 **** Incremental Build of configuration Debug for project DS1621_utest ****
make all 
Building target: DS1621_utest
Invoking: GCC C++ Linker
g++ -L/mnt/piusrlib -o "DS1621_utest"  ./test/main.o  ./links/Ds1621.o ./links/gmock-all.o  /home/micha/rpi/projects/HouseWorkspace/wiringPi_gmock/Debug/libwiringPi_gmock.a -lgtest -lgtest_main -lpthread -lwiringPi -lwiringPiDev
/usr/bin/ld: cannot find -lwiringPi
makefile:46: recipe for target 'DS1621_utest' failed
/usr/bin/ld: cannot find -lwiringPiDev
collect2: error: ld returned 1 exit status
make: *** [DS1621_utest] Error 1

22:42:30 Build Finished (took 356ms)

